
Pathology: Fracture
View: lateral
Training Cap: 200000
Epochs: 20
Output File: predictions/121_fracture_lateral.csv
Timestamp = 23:54:21 

Reading Training Images  -  23:54:24
Finished Reading  -  23:54:24
Running on 2045 images
Converted Images  -  23:54:24 

Epoch 1/20
9/9 - 16s - loss: 1.8702 - accuracy: 0.4022 - val_loss: 2.2096 - val_accuracy: 0.3007

Epoch 00001: val_loss improved from inf to 2.20962, saving model to checkpoints/121_fracturelateral.h5
Epoch 2/20
9/9 - 10s - loss: 1.6117 - accuracy: 0.4550 - val_loss: 1.2829 - val_accuracy: 0.4181

Epoch 00002: val_loss improved from 2.20962 to 1.28286, saving model to checkpoints/121_fracturelateral.h5
Epoch 3/20
9/9 - 10s - loss: 1.4747 - accuracy: 0.4622 - val_loss: 1.5506 - val_accuracy: 0.3635

Epoch 00003: val_loss did not improve from 1.28286
Epoch 4/20
9/9 - 10s - loss: 1.3887 - accuracy: 0.4959 - val_loss: 1.1320 - val_accuracy: 0.4336

Epoch 00004: val_loss improved from 1.28286 to 1.13198, saving model to checkpoints/121_fracturelateral.h5
Epoch 5/20
9/9 - 10s - loss: 1.1399 - accuracy: 0.5569 - val_loss: 0.8318 - val_accuracy: 0.6422

Epoch 00005: val_loss improved from 1.13198 to 0.83179, saving model to checkpoints/121_fracturelateral.h5
Epoch 6/20
9/9 - 11s - loss: 1.1574 - accuracy: 0.5405 - val_loss: 0.7862 - val_accuracy: 0.6699

Epoch 00006: val_loss improved from 0.83179 to 0.78621, saving model to checkpoints/121_fracturelateral.h5
Epoch 7/20
9/9 - 10s - loss: 1.0740 - accuracy: 0.5660 - val_loss: 0.7926 - val_accuracy: 0.6618

Epoch 00007: val_loss did not improve from 0.78621
Epoch 8/20
9/9 - 10s - loss: 1.0192 - accuracy: 0.5805 - val_loss: 0.7544 - val_accuracy: 0.6764

Epoch 00008: val_loss improved from 0.78621 to 0.75437, saving model to checkpoints/121_fracturelateral.h5
Epoch 9/20
9/9 - 10s - loss: 1.0164 - accuracy: 0.5842 - val_loss: 0.7430 - val_accuracy: 0.6716

Epoch 00009: val_loss improved from 0.75437 to 0.74296, saving model to checkpoints/121_fracturelateral.h5
Epoch 10/20
9/9 - 9s - loss: 0.9682 - accuracy: 0.5996 - val_loss: 0.7869 - val_accuracy: 0.6593

Epoch 00010: val_loss did not improve from 0.74296
Epoch 11/20
9/9 - 9s - loss: 0.9653 - accuracy: 0.5960 - val_loss: 0.7238 - val_accuracy: 0.6756

Epoch 00011: val_loss improved from 0.74296 to 0.72381, saving model to checkpoints/121_fracturelateral.h5
Epoch 12/20
9/9 - 9s - loss: 0.9590 - accuracy: 0.6005 - val_loss: 0.7030 - val_accuracy: 0.6846

Epoch 00012: val_loss improved from 0.72381 to 0.70298, saving model to checkpoints/121_fracturelateral.h5
Epoch 13/20
9/9 - 10s - loss: 0.8997 - accuracy: 0.6087 - val_loss: 0.6979 - val_accuracy: 0.7025

Epoch 00013: val_loss improved from 0.70298 to 0.69793, saving model to checkpoints/121_fracturelateral.h5
Epoch 14/20
9/9 - 10s - loss: 0.8535 - accuracy: 0.6369 - val_loss: 0.6945 - val_accuracy: 0.6944

Epoch 00014: val_loss improved from 0.69793 to 0.69451, saving model to checkpoints/121_fracturelateral.h5
Epoch 15/20
9/9 - 10s - loss: 0.8296 - accuracy: 0.6488 - val_loss: 0.6803 - val_accuracy: 0.6993

Epoch 00015: val_loss improved from 0.69451 to 0.68032, saving model to checkpoints/121_fracturelateral.h5
Epoch 16/20
9/9 - 10s - loss: 0.8469 - accuracy: 0.6178 - val_loss: 0.6935 - val_accuracy: 0.6805

Epoch 00016: val_loss did not improve from 0.68032
Epoch 17/20
9/9 - 8s - loss: 0.8532 - accuracy: 0.6369 - val_loss: 0.6753 - val_accuracy: 0.6952

Epoch 00017: val_loss improved from 0.68032 to 0.67531, saving model to checkpoints/121_fracturelateral.h5
Epoch 18/20
9/9 - 9s - loss: 0.8287 - accuracy: 0.6515 - val_loss: 0.6484 - val_accuracy: 0.7099

Epoch 00018: val_loss improved from 0.67531 to 0.64842, saving model to checkpoints/121_fracturelateral.h5
Epoch 19/20
9/9 - 11s - loss: 0.7958 - accuracy: 0.6624 - val_loss: 0.6405 - val_accuracy: 0.7050

Epoch 00019: val_loss improved from 0.64842 to 0.64048, saving model to checkpoints/121_fracturelateral.h5
Epoch 20/20
9/9 - 10s - loss: 0.7770 - accuracy: 0.6561 - val_loss: 0.6262 - val_accuracy: 0.7400

Epoch 00020: val_loss improved from 0.64048 to 0.62618, saving model to checkpoints/121_fracturelateral.h5
Total-test-data; 818 	accurately-predicted-data: 484 	 wrongly-predicted-data:  334
Accuracy: 59.169 %
Reading Test Images  -  23:58:03
Finished Reading  -  23:58:04
Converted Images  -  23:58:04 

Finished Predictions  -  23:58:17
Done  -  23:58:17
